{"E:\\dev\\alura\\Front-end\\React - Testes Automatizados\\cookingup\\src\\componentes\\IngredientesContext\\index.jsx": {"path":"E:\\dev\\alura\\Front-end\\React - Testes Automatizados\\cookingup\\src\\componentes\\IngredientesContext\\index.jsx","all":false,"statementMap":{"0":{"start":{"line":1,"column":0},"end":{"line":1,"column":59}},"1":{"start":{"line":2,"column":0},"end":{"line":2,"column":27}},"2":{"start":{"line":3,"column":0},"end":{"line":3,"column":0}},"3":{"start":{"line":4,"column":0},"end":{"line":4,"column":0}},"4":{"start":{"line":5,"column":0},"end":{"line":5,"column":50}},"5":{"start":{"line":6,"column":0},"end":{"line":6,"column":19}},"6":{"start":{"line":7,"column":0},"end":{"line":7,"column":33}},"7":{"start":{"line":8,"column":0},"end":{"line":8,"column":36}},"8":{"start":{"line":9,"column":0},"end":{"line":9,"column":53}},"9":{"start":{"line":10,"column":0},"end":{"line":10,"column":3}},"10":{"start":{"line":11,"column":0},"end":{"line":11,"column":0}},"11":{"start":{"line":12,"column":0},"end":{"line":12,"column":48}},"12":{"start":{"line":13,"column":0},"end":{"line":13,"column":37}},"13":{"start":{"line":14,"column":0},"end":{"line":14,"column":81}},"14":{"start":{"line":15,"column":0},"end":{"line":15,"column":0}},"15":{"start":{"line":16,"column":0},"end":{"line":16,"column":0}},"16":{"start":{"line":17,"column":0},"end":{"line":17,"column":0}},"17":{"start":{"line":18,"column":0},"end":{"line":18,"column":50}},"18":{"start":{"line":19,"column":0},"end":{"line":19,"column":55}},"19":{"start":{"line":20,"column":0},"end":{"line":20,"column":80}},"20":{"start":{"line":21,"column":0},"end":{"line":21,"column":52}},"21":{"start":{"line":22,"column":0},"end":{"line":22,"column":109}},"22":{"start":{"line":23,"column":0},"end":{"line":23,"column":16}},"23":{"start":{"line":24,"column":0},"end":{"line":24,"column":54}},"24":{"start":{"line":25,"column":0},"end":{"line":25,"column":84}},"25":{"start":{"line":26,"column":0},"end":{"line":26,"column":9}},"26":{"start":{"line":27,"column":0},"end":{"line":27,"column":6}},"27":{"start":{"line":28,"column":0},"end":{"line":28,"column":0}},"28":{"start":{"line":29,"column":0},"end":{"line":29,"column":57}},"29":{"start":{"line":30,"column":0},"end":{"line":30,"column":79}},"30":{"start":{"line":31,"column":0},"end":{"line":31,"column":81}},"31":{"start":{"line":32,"column":0},"end":{"line":32,"column":6}},"32":{"start":{"line":33,"column":0},"end":{"line":33,"column":0}},"33":{"start":{"line":34,"column":0},"end":{"line":34,"column":12}},"34":{"start":{"line":35,"column":0},"end":{"line":35,"column":136}},"35":{"start":{"line":36,"column":0},"end":{"line":36,"column":28}},"36":{"start":{"line":37,"column":0},"end":{"line":37,"column":39}},"37":{"start":{"line":38,"column":0},"end":{"line":38,"column":6}},"38":{"start":{"line":39,"column":0},"end":{"line":39,"column":2}}},"s":{"0":1,"1":1,"2":1,"3":1,"4":1,"5":1,"6":1,"7":1,"8":1,"9":1,"10":1,"11":1,"12":8,"13":8,"14":8,"15":8,"16":8,"17":8,"18":5,"19":5,"20":2,"21":2,"22":5,"23":3,"24":3,"25":3,"26":5,"27":8,"28":8,"29":8,"30":8,"31":8,"32":8,"33":8,"34":8,"35":8,"36":8,"37":8,"38":8},"branchMap":{"0":{"type":"branch","line":12,"loc":{"start":{"line":12,"column":36},"end":{"line":39,"column":2}},"locations":[{"start":{"line":12,"column":36},"end":{"line":39,"column":2}}]},"1":{"type":"branch","line":18,"loc":{"start":{"line":18,"column":32},"end":{"line":27,"column":6}},"locations":[{"start":{"line":18,"column":32},"end":{"line":27,"column":6}}]},"2":{"type":"branch","line":20,"loc":{"start":{"line":20,"column":79},"end":{"line":23,"column":15}},"locations":[{"start":{"line":20,"column":79},"end":{"line":23,"column":15}}]},"3":{"type":"branch","line":23,"loc":{"start":{"line":23,"column":8},"end":{"line":26,"column":9}},"locations":[{"start":{"line":23,"column":8},"end":{"line":26,"column":9}}]},"4":{"type":"branch","line":20,"loc":{"start":{"line":20,"column":42},"end":{"line":20,"column":76}},"locations":[{"start":{"line":20,"column":42},"end":{"line":20,"column":76}}]},"5":{"type":"branch","line":22,"loc":{"start":{"line":22,"column":72},"end":{"line":22,"column":106}},"locations":[{"start":{"line":22,"column":72},"end":{"line":22,"column":106}}]},"6":{"type":"branch","line":29,"loc":{"start":{"line":29,"column":39},"end":{"line":32,"column":6}},"locations":[{"start":{"line":29,"column":39},"end":{"line":32,"column":6}}]},"7":{"type":"branch","line":31,"loc":{"start":{"line":31,"column":45},"end":{"line":31,"column":79}},"locations":[{"start":{"line":31,"column":45},"end":{"line":31,"column":79}}]}},"b":{"0":[8],"1":[5],"2":[2],"3":[3],"4":[2],"5":[2],"6":[8],"7":[3]},"fnMap":{"0":{"name":"alternarIngrediente","decl":{"start":{"line":8,"column":25},"end":{"line":8,"column":36}},"loc":{"start":{"line":8,"column":25},"end":{"line":8,"column":36}},"line":8},"1":{"name":"ingredienteEstaSelecionado","decl":{"start":{"line":9,"column":32},"end":{"line":9,"column":53}},"loc":{"start":{"line":9,"column":32},"end":{"line":9,"column":53}},"line":9},"2":{"name":"IngredientesProvider","decl":{"start":{"line":12,"column":36},"end":{"line":39,"column":2}},"loc":{"start":{"line":12,"column":36},"end":{"line":39,"column":2}},"line":12},"3":{"name":"alternarIngrediente","decl":{"start":{"line":18,"column":32},"end":{"line":27,"column":6}},"loc":{"start":{"line":18,"column":32},"end":{"line":27,"column":6}},"line":18},"4":{"name":"ingredienteEstaSelecionado","decl":{"start":{"line":29,"column":39},"end":{"line":32,"column":6}},"loc":{"start":{"line":29,"column":39},"end":{"line":32,"column":6}},"line":29}},"f":{"0":0,"1":0,"2":8,"3":5,"4":8}}
,"E:\\dev\\alura\\Front-end\\React - Testes Automatizados\\cookingup\\src\\componentes\\Rodape\\index.jsx": {"path":"E:\\dev\\alura\\Front-end\\React - Testes Automatizados\\cookingup\\src\\componentes\\Rodape\\index.jsx","all":false,"statementMap":{"0":{"start":{"line":1,"column":0},"end":{"line":1,"column":42}},"1":{"start":{"line":2,"column":0},"end":{"line":2,"column":0}},"2":{"start":{"line":3,"column":0},"end":{"line":3,"column":38}},"3":{"start":{"line":4,"column":0},"end":{"line":4,"column":45}},"4":{"start":{"line":5,"column":0},"end":{"line":5,"column":24}},"5":{"start":{"line":6,"column":0},"end":{"line":6,"column":33}},"6":{"start":{"line":7,"column":0},"end":{"line":7,"column":23}},"7":{"start":{"line":8,"column":0},"end":{"line":8,"column":29}},"8":{"start":{"line":9,"column":0},"end":{"line":9,"column":20}},"9":{"start":{"line":10,"column":0},"end":{"line":10,"column":23}},"10":{"start":{"line":11,"column":0},"end":{"line":11,"column":21}},"11":{"start":{"line":12,"column":0},"end":{"line":12,"column":22}},"12":{"start":{"line":13,"column":0},"end":{"line":13,"column":1}},"13":{"start":{"line":14,"column":0},"end":{"line":14,"column":0}},"14":{"start":{"line":15,"column":0},"end":{"line":15,"column":0}},"15":{"start":{"line":16,"column":0},"end":{"line":16,"column":22}},"16":{"start":{"line":17,"column":0},"end":{"line":17,"column":29}},"17":{"start":{"line":18,"column":0},"end":{"line":18,"column":77}},"18":{"start":{"line":19,"column":0},"end":{"line":19,"column":23}},"19":{"start":{"line":20,"column":0},"end":{"line":20,"column":1}},"20":{"start":{"line":21,"column":0},"end":{"line":21,"column":0}},"21":{"start":{"line":22,"column":0},"end":{"line":22,"column":21}}},"s":{"0":1,"1":1,"2":1,"3":1,"4":1,"5":1,"6":1,"7":1,"8":1,"9":1,"10":1,"11":1,"12":1,"13":1,"14":1,"15":1,"16":1,"17":1,"18":1,"19":1,"20":1,"21":1},"branchMap":{"0":{"type":"branch","line":16,"loc":{"start":{"line":16,"column":15},"end":{"line":20,"column":1}},"locations":[{"start":{"line":16,"column":15},"end":{"line":20,"column":1}}]}},"b":{"0":[1]},"fnMap":{"0":{"name":"Rodape","decl":{"start":{"line":16,"column":15},"end":{"line":20,"column":1}},"loc":{"start":{"line":16,"column":15},"end":{"line":20,"column":1}},"line":16}},"f":{"0":1}}
,"E:\\dev\\alura\\Front-end\\React - Testes Automatizados\\cookingup\\src\\componentes\\TagIngrediente\\index.jsx": {"path":"E:\\dev\\alura\\Front-end\\React - Testes Automatizados\\cookingup\\src\\componentes\\TagIngrediente\\index.jsx","all":false,"statementMap":{"0":{"start":{"line":1,"column":0},"end":{"line":1,"column":42}},"1":{"start":{"line":2,"column":0},"end":{"line":2,"column":0}},"2":{"start":{"line":3,"column":0},"end":{"line":3,"column":28}},"3":{"start":{"line":4,"column":0},"end":{"line":4,"column":99}},"4":{"start":{"line":5,"column":0},"end":{"line":5,"column":85}},"5":{"start":{"line":6,"column":0},"end":{"line":6,"column":58}},"6":{"start":{"line":7,"column":0},"end":{"line":7,"column":17}},"7":{"start":{"line":8,"column":0},"end":{"line":8,"column":23}},"8":{"start":{"line":9,"column":0},"end":{"line":9,"column":17}},"9":{"start":{"line":10,"column":0},"end":{"line":10,"column":20}},"10":{"start":{"line":11,"column":0},"end":{"line":11,"column":23}},"11":{"start":{"line":12,"column":0},"end":{"line":12,"column":29}},"12":{"start":{"line":13,"column":0},"end":{"line":13,"column":20}},"13":{"start":{"line":14,"column":0},"end":{"line":14,"column":23}},"14":{"start":{"line":15,"column":0},"end":{"line":15,"column":23}},"15":{"start":{"line":16,"column":0},"end":{"line":16,"column":1}},"16":{"start":{"line":17,"column":0},"end":{"line":17,"column":0}},"17":{"start":{"line":18,"column":0},"end":{"line":18,"column":0}},"18":{"start":{"line":19,"column":0},"end":{"line":19,"column":61}},"19":{"start":{"line":20,"column":0},"end":{"line":20,"column":12}},"20":{"start":{"line":21,"column":0},"end":{"line":21,"column":48}},"21":{"start":{"line":22,"column":0},"end":{"line":22,"column":30}},"22":{"start":{"line":23,"column":0},"end":{"line":23,"column":16}},"23":{"start":{"line":24,"column":0},"end":{"line":24,"column":5}},"24":{"start":{"line":25,"column":0},"end":{"line":25,"column":1}},"25":{"start":{"line":26,"column":0},"end":{"line":26,"column":0}},"26":{"start":{"line":27,"column":0},"end":{"line":27,"column":29}}},"s":{"0":1,"1":1,"2":1,"3":1,"4":1,"5":1,"6":1,"7":1,"8":1,"9":1,"10":1,"11":1,"12":1,"13":1,"14":1,"15":1,"16":1,"17":1,"18":1,"19":4,"20":4,"21":4,"22":4,"23":4,"24":4,"25":1,"26":1},"branchMap":{"0":{"type":"branch","line":4,"loc":{"start":{"line":4,"column":18},"end":{"line":4,"column":97}},"locations":[{"start":{"line":4,"column":18},"end":{"line":4,"column":97}}]},"1":{"type":"branch","line":4,"loc":{"start":{"line":4,"column":33},"end":{"line":4,"column":68}},"locations":[{"start":{"line":4,"column":33},"end":{"line":4,"column":68}}]},"2":{"type":"branch","line":4,"loc":{"start":{"line":4,"column":42},"end":{"line":4,"column":97}},"locations":[{"start":{"line":4,"column":42},"end":{"line":4,"column":97}}]},"3":{"type":"branch","line":5,"loc":{"start":{"line":5,"column":13},"end":{"line":5,"column":83}},"locations":[{"start":{"line":5,"column":13},"end":{"line":5,"column":83}}]},"4":{"type":"branch","line":5,"loc":{"start":{"line":5,"column":28},"end":{"line":5,"column":63}},"locations":[{"start":{"line":5,"column":28},"end":{"line":5,"column":63}}]},"5":{"type":"branch","line":5,"loc":{"start":{"line":5,"column":37},"end":{"line":5,"column":83}},"locations":[{"start":{"line":5,"column":37},"end":{"line":5,"column":83}}]},"6":{"type":"branch","line":6,"loc":{"start":{"line":6,"column":19},"end":{"line":6,"column":56}},"locations":[{"start":{"line":6,"column":19},"end":{"line":6,"column":56}}]},"7":{"type":"branch","line":6,"loc":{"start":{"line":6,"column":34},"end":{"line":6,"column":51}},"locations":[{"start":{"line":6,"column":34},"end":{"line":6,"column":51}}]},"8":{"type":"branch","line":6,"loc":{"start":{"line":6,"column":43},"end":{"line":6,"column":56}},"locations":[{"start":{"line":6,"column":43},"end":{"line":6,"column":56}}]},"9":{"type":"branch","line":19,"loc":{"start":{"line":19,"column":23},"end":{"line":25,"column":1}},"locations":[{"start":{"line":19,"column":23},"end":{"line":25,"column":1}}]}},"b":{"0":[4],"1":[1],"2":[3],"3":[4],"4":[1],"5":[3],"6":[4],"7":[1],"8":[3],"9":[4]},"fnMap":{"0":{"name":"TagIngrediente.ingrediente.ingrediente","decl":{"start":{"line":4,"column":18},"end":{"line":4,"column":97}},"loc":{"start":{"line":4,"column":18},"end":{"line":4,"column":97}},"line":4},"1":{"name":"TagIngrediente.ingrediente.ingrediente","decl":{"start":{"line":5,"column":13},"end":{"line":5,"column":83}},"loc":{"start":{"line":5,"column":13},"end":{"line":5,"column":83}},"line":5},"2":{"name":"TagIngrediente","decl":{"start":{"line":19,"column":23},"end":{"line":25,"column":1}},"loc":{"start":{"line":19,"column":23},"end":{"line":25,"column":1}},"line":19}},"f":{"0":4,"1":4,"2":4}}
}
